<?xml version="1.0" encoding="UTF-8"?>
<!-- Generated by org.testng.reporters.JUnitReportReporter -->
<testsuite hostname="ATMECSINLT-060" failures="0" tests="1" name="com.atmecs.tutorialninja.testscripts.HomePage" time="23.166" errors="0" timestamp="2019-11-20T19:15:13 IST" skipped="0">
  <testcase classname="com.atmecs.tutorialninja.testscripts.HomePage" name="home" time="23.166"/>
</testsuite> <!-- com.atmecs.tutorialninja.testscripts.HomePage -->
