<?xml version="1.0" encoding="UTF-8"?>
<!-- Generated by org.testng.reporters.JUnitReportReporter -->
<testsuite hostname="ATMECSINLT-060" failures="0" tests="1" name="com.atmecs.tutorialsninja.utils.DateClass" time="1.031" errors="0" timestamp="2019-11-25T20:42:19 IST" skipped="0">
  <testcase classname="com.atmecs.tutorialsninja.utils.DateClass" name="calendar" time="1.031"/>
</testsuite> <!-- com.atmecs.tutorialsninja.utils.DateClass -->
