<?xml version="1.0" encoding="UTF-8"?>
<!-- Generated by org.testng.reporters.JUnitReportReporter -->
<testsuite hostname="ATMECSINLT-060" failures="0" tests="1" name="com.atmecs.tutorialsninja.utils.RandomNumber" time="0.019" errors="0" timestamp="2019-11-22T18:26:04 IST" skipped="0">
  <testcase classname="com.atmecs.tutorialsninja.utils.RandomNumber" name="generateRandom" time="0.019"/>
</testsuite> <!-- com.atmecs.tutorialsninja.utils.RandomNumber -->
